<?xml version="1.0" encoding="UTF-8"?>
<!-- Generated by org.testng.reporters.JUnitReportReporter -->
<testsuite hostname="Naims-MacBook-Air.local" failures="0" tests="3" name="scripts._03_EtsyTest" time="9.747" errors="0" timestamp="2022-05-29T15:45:53 CDT" skipped="0">
  <testcase classname="scripts._03_EtsyTest" name="testEtsyLogo" time="2.647"/>
  <system-out/>
  <testcase classname="scripts._03_EtsyTest" name="testEtsySearchResult" time="4.152"/>
  <system-out/>
  <testcase classname="scripts._03_EtsyTest" name="testEtsySearch" time="2.948"/>
  <system-out/>
</testsuite> <!-- scripts._03_EtsyTest -->
