<?xml version="1.0" encoding="UTF-8"?>
<!-- Generated by org.testng.reporters.JUnitReportReporter -->
<testsuite hostname="Naims-MacBook-Air.local" failures="0" tests="3" name="scripts._03_EtsyTest" time="10.258" errors="0" timestamp="2022-06-11T14:50:29 CDT" skipped="0">
  <testcase classname="scripts._03_EtsyTest" name="testEtsyLogo" time="2.941"/>
  <system-out/>
  <testcase classname="scripts._03_EtsyTest" name="testEtsySearchResult" time="4.195"/>
  <system-out/>
  <testcase classname="scripts._03_EtsyTest" name="testEtsySearch" time="3.122"/>
  <system-out/>
</testsuite> <!-- scripts._03_EtsyTest -->
