<?xml version="1.0" encoding="UTF-8"?>
<!-- Generated by org.testng.reporters.JUnitReportReporter -->
<testsuite hostname="Naims-MacBook-Air.local" failures="0" tests="1" name="scripts._02_TechGlobalTest" time="1.769" errors="0" timestamp="2022-06-11T14:50:29 CDT" skipped="0">
  <testcase classname="scripts._02_TechGlobalTest" name="testApplicationFormHeading" time="1.769"/>
  <system-out/>
</testsuite> <!-- scripts._02_TechGlobalTest -->
