<?xml version="1.0" encoding="UTF-8"?>
<!-- Generated by org.testng.reporters.JUnitReportReporter -->
<testsuite hostname="Naims-MacBook-Air.local" failures="0" tests="1" name="scripts._02_TechGlobalTest" time="1.910" errors="0" timestamp="2022-05-29T15:45:53 CDT" skipped="0">
  <testcase classname="scripts._02_TechGlobalTest" name="testApplicationFormHeading" time="1.910"/>
  <system-out/>
</testsuite> <!-- scripts._02_TechGlobalTest -->
