<?xml version="1.0" encoding="UTF-8"?>
<!-- Generated by org.testng.reporters.JUnitReportReporter -->
<testsuite hostname="Naims-MacBook-Air.local" failures="0" tests="3" name="scripts._03_EtsyTest" time="25.743" errors="0" timestamp="2022-05-22T16:01:40 CDT" skipped="0">
  <testcase classname="scripts._03_EtsyTest" name="testEtsyLogo" time="9.502"/>
  <system-out/>
  <testcase classname="scripts._03_EtsyTest" name="testEtsySearchResult" time="9.077"/>
  <system-out/>
  <testcase classname="scripts._03_EtsyTest" name="testEtsySearch" time="7.164"/>
  <system-out/>
</testsuite> <!-- scripts._03_EtsyTest -->
