<?xml version="1.0" encoding="UTF-8"?>
<!-- Generated by org.testng.reporters.JUnitReportReporter -->
<testsuite hostname="Naims-MacBook-Air.local" failures="0" tests="2" name="scripts._01_AppleTest" time="11.258" errors="0" timestamp="2022-05-22T16:01:40 CDT" skipped="0">
  <testcase classname="scripts._01_AppleTest" name="testAppleTitle" time="5.339"/>
  <system-out/>
  <testcase classname="scripts._01_AppleTest" name="testAppleURL" time="5.919"/>
  <system-out/>
</testsuite> <!-- scripts._01_AppleTest -->
