<?xml version="1.0" encoding="UTF-8"?>
<!-- Generated by org.testng.reporters.JUnitReportReporter -->
<testsuite hostname="Naims-MacBook-Air.local" failures="0" tests="1" name="scripts._04_GoogleTest" time="3.399" errors="0" timestamp="2022-06-11T14:50:29 CDT" skipped="0">
  <testcase classname="scripts._04_GoogleTest" name="testGoogleSearchResults" time="3.399"/>
  <system-out/>
</testsuite> <!-- scripts._04_GoogleTest -->
